/home/lulu/anaconda3/envs/lis/bin/python: No module named visdom.erver
INFO:root:Application Started
INFO:root:Working directory: /home/lulu/.visdom
Traceback (most recent call last):
  File "/home/lulu/anaconda3/envs/lis/lib/python3.9/runpy.py", line 197, in _run_module_as_main
    return _run_code(code, main_globals, None,
  File "/home/lulu/anaconda3/envs/lis/lib/python3.9/runpy.py", line 87, in _run_code
    exec(code, run_globals)
  File "/home/lulu/anaconda3/envs/lis/lib/python3.9/site-packages/visdom/server/__main__.py", line 16, in <module>
    download_scripts_and_run()
  File "/home/lulu/anaconda3/envs/lis/lib/python3.9/site-packages/visdom/server/run_server.py", line 236, in download_scripts_and_run
    main()
  File "/home/lulu/anaconda3/envs/lis/lib/python3.9/site-packages/visdom/server/run_server.py", line 220, in main
    start_server(
  File "/home/lulu/anaconda3/envs/lis/lib/python3.9/site-packages/visdom/server/run_server.py", line 67, in start_server
    ioloop.IOLoop.instance().start()
  File "/home/lulu/anaconda3/envs/lis/lib/python3.9/site-packages/tornado/platform/asyncio.py", line 195, in start
    self.asyncio_loop.run_forever()
  File "/home/lulu/anaconda3/envs/lis/lib/python3.9/asyncio/base_events.py", line 596, in run_forever
    self._run_once()
  File "/home/lulu/anaconda3/envs/lis/lib/python3.9/asyncio/base_events.py", line 1854, in _run_once
    event_list = self._selector.select(timeout)
  File "/home/lulu/anaconda3/envs/lis/lib/python3.9/selectors.py", line 469, in select
    fd_event_list = self._selector.poll(timeout, max_ev)
KeyboardInterrupt
Checking for scripts.
Downloading scripts, this may take a little while
It's Alive!
You can navigate to http://localhost:8097
INFO:root:Application Started
INFO:root:Working directory: /home/lulu/.visdom
Traceback (most recent call last):
  File "/home/lulu/anaconda3/envs/lis/lib/python3.9/runpy.py", line 197, in _run_module_as_main
    return _run_code(code, main_globals, None,
  File "/home/lulu/anaconda3/envs/lis/lib/python3.9/runpy.py", line 87, in _run_code
    exec(code, run_globals)
  File "/home/lulu/anaconda3/envs/lis/lib/python3.9/site-packages/visdom/server/__main__.py", line 16, in <module>
    download_scripts_and_run()
  File "/home/lulu/anaconda3/envs/lis/lib/python3.9/site-packages/visdom/server/run_server.py", line 236, in download_scripts_and_run
    main()
  File "/home/lulu/anaconda3/envs/lis/lib/python3.9/site-packages/visdom/server/run_server.py", line 220, in main
    start_server(
  File "/home/lulu/anaconda3/envs/lis/lib/python3.9/site-packages/visdom/server/run_server.py", line 67, in start_server
    ioloop.IOLoop.instance().start()
  File "/home/lulu/anaconda3/envs/lis/lib/python3.9/site-packages/tornado/platform/asyncio.py", line 195, in start
    self.asyncio_loop.run_forever()
  File "/home/lulu/anaconda3/envs/lis/lib/python3.9/asyncio/base_events.py", line 596, in run_forever
    self._run_once()
  File "/home/lulu/anaconda3/envs/lis/lib/python3.9/asyncio/base_events.py", line 1854, in _run_once
    event_list = self._selector.select(timeout)
  File "/home/lulu/anaconda3/envs/lis/lib/python3.9/selectors.py", line 469, in select
    fd_event_list = self._selector.poll(timeout, max_ev)
KeyboardInterrupt
Checking for scripts.
It's Alive!
You can navigate to http://localhost:8097
